{"/Users/hyperion/Desktop/sol/app/components/App.jsx": {"path":"/Users/hyperion/Desktop/sol/app/components/App.jsx","statementMap":{"0":{"start":{"line":9,"column":2},"end":{"line":9,"column":15}},"1":{"start":{"line":10,"column":2},"end":{"line":13,"column":4}},"2":{"start":{"line":14,"column":2},"end":{"line":14,"column":47}},"3":{"start":{"line":18,"column":25},"end":{"line":18,"column":57}},"4":{"start":{"line":19,"column":23},"end":{"line":19,"column":67}},"5":{"start":{"line":20,"column":21},"end":{"line":20,"column":55}},"6":{"start":{"line":21,"column":2},"end":{"line":21,"column":31}},"7":{"start":{"line":24,"column":2},"end":{"line":26,"column":5}},"8":{"start":{"line":24,"column":37},"end":{"line":24,"column":52}},"9":{"start":{"line":25,"column":3},"end":{"line":25,"column":108}},"10":{"start":{"line":30,"column":27},"end":{"line":30,"column":37}},"11":{"start":{"line":31,"column":2},"end":{"line":38,"column":4}},"12":{"start":{"line":34,"column":40},"end":{"line":34,"column":62}}},"fnMap":{"0":{"name":"(anonymous_0)","decl":{"start":{"line":8,"column":1},"end":{"line":8,"column":2}},"loc":{"start":{"line":8,"column":20},"end":{"line":15,"column":2}},"line":8},"1":{"name":"(anonymous_1)","decl":{"start":{"line":17,"column":1},"end":{"line":17,"column":2}},"loc":{"start":{"line":17,"column":19},"end":{"line":27,"column":2}},"line":17},"2":{"name":"(anonymous_2)","decl":{"start":{"line":24,"column":25},"end":{"line":24,"column":26}},"loc":{"start":{"line":24,"column":37},"end":{"line":24,"column":52}},"line":24},"3":{"name":"(anonymous_3)","decl":{"start":{"line":24,"column":59},"end":{"line":24,"column":60}},"loc":{"start":{"line":24,"column":67},"end":{"line":26,"column":3}},"line":24},"4":{"name":"(anonymous_4)","decl":{"start":{"line":29,"column":1},"end":{"line":29,"column":2}},"loc":{"start":{"line":29,"column":10},"end":{"line":39,"column":2}},"line":29},"5":{"name":"(anonymous_5)","decl":{"start":{"line":34,"column":31},"end":{"line":34,"column":32}},"loc":{"start":{"line":34,"column":40},"end":{"line":34,"column":62}},"line":34}},"branchMap":{"0":{"loc":{"start":{"line":25,"column":3},"end":{"line":25,"column":107}},"type":"cond-expr","locations":[{"start":{"line":25,"column":16},"end":{"line":25,"column":63}},{"start":{"line":25,"column":66},"end":{"line":25,"column":107}}],"line":25}},"s":{"0":2,"1":2,"2":2,"3":0,"4":0,"5":0,"6":0,"7":0,"8":0,"9":0,"10":2,"11":2,"12":0},"f":{"0":2,"1":0,"2":0,"3":0,"4":2,"5":0},"b":{"0":[0,0]},"_coverageSchema":"332fd63041d2c1bcb487cc26dd0d5f7d97098a6c","hash":"d15a680abaa8549df43bcd8d29c6623eff64dcf0"}
,"/Users/hyperion/Desktop/sol/app/components/ColorCard.jsx": {"path":"/Users/hyperion/Desktop/sol/app/components/ColorCard.jsx","statementMap":{"0":{"start":{"line":3,"column":18},"end":{"line":17,"column":1}},"1":{"start":{"line":5,"column":19},"end":{"line":7,"column":2}},"2":{"start":{"line":9,"column":1},"end":{"line":16,"column":3}}},"fnMap":{"0":{"name":"(anonymous_0)","decl":{"start":{"line":3,"column":18},"end":{"line":3,"column":19}},"loc":{"start":{"line":3,"column":27},"end":{"line":17,"column":1}},"line":3}},"branchMap":{},"s":{"0":4,"1":1,"2":1},"f":{"0":1},"b":{},"_coverageSchema":"332fd63041d2c1bcb487cc26dd0d5f7d97098a6c","hash":"ae2c4e409d60b5793950e101f9849d54e9e16f87"}
,"/Users/hyperion/Desktop/sol/app/components/ColorList.jsx": {"path":"/Users/hyperion/Desktop/sol/app/components/ColorList.jsx","statementMap":{"0":{"start":{"line":6,"column":2},"end":{"line":6,"column":15}},"1":{"start":{"line":7,"column":2},"end":{"line":10,"column":4}},"2":{"start":{"line":15,"column":2},"end":{"line":15,"column":44}},"3":{"start":{"line":20,"column":2},"end":{"line":20,"column":46}},"4":{"start":{"line":21,"column":2},"end":{"line":21,"column":43}},"5":{"start":{"line":25,"column":24},"end":{"line":25,"column":110}},"6":{"start":{"line":27,"column":19},"end":{"line":27,"column":84}},"7":{"start":{"line":28,"column":21},"end":{"line":28,"column":59}},"8":{"start":{"line":30,"column":2},"end":{"line":40,"column":3}},"9":{"start":{"line":31,"column":3},"end":{"line":39,"column":7}},"10":{"start":{"line":32,"column":22},"end":{"line":32,"column":37}},"11":{"start":{"line":34,"column":5},"end":{"line":34,"column":47}},"12":{"start":{"line":37,"column":5},"end":{"line":37,"column":40}},"13":{"start":{"line":38,"column":5},"end":{"line":38,"column":66}},"14":{"start":{"line":44,"column":18},"end":{"line":44,"column":35}},"15":{"start":{"line":45,"column":2},"end":{"line":56,"column":4}},"16":{"start":{"line":51,"column":8},"end":{"line":51,"column":69}}},"fnMap":{"0":{"name":"(anonymous_0)","decl":{"start":{"line":5,"column":1},"end":{"line":5,"column":2}},"loc":{"start":{"line":5,"column":20},"end":{"line":11,"column":2}},"line":5},"1":{"name":"(anonymous_1)","decl":{"start":{"line":14,"column":1},"end":{"line":14,"column":2}},"loc":{"start":{"line":14,"column":21},"end":{"line":16,"column":2}},"line":14},"2":{"name":"(anonymous_2)","decl":{"start":{"line":19,"column":1},"end":{"line":19,"column":2}},"loc":{"start":{"line":19,"column":38},"end":{"line":22,"column":2}},"line":19},"3":{"name":"(anonymous_3)","decl":{"start":{"line":24,"column":1},"end":{"line":24,"column":2}},"loc":{"start":{"line":24,"column":21},"end":{"line":41,"column":2}},"line":24},"4":{"name":"(anonymous_4)","decl":{"start":{"line":32,"column":10},"end":{"line":32,"column":11}},"loc":{"start":{"line":32,"column":22},"end":{"line":32,"column":37}},"line":32},"5":{"name":"(anonymous_5)","decl":{"start":{"line":33,"column":10},"end":{"line":33,"column":11}},"loc":{"start":{"line":33,"column":18},"end":{"line":35,"column":5}},"line":33},"6":{"name":"(anonymous_6)","decl":{"start":{"line":36,"column":11},"end":{"line":36,"column":12}},"loc":{"start":{"line":36,"column":18},"end":{"line":39,"column":5}},"line":36},"7":{"name":"(anonymous_7)","decl":{"start":{"line":43,"column":1},"end":{"line":43,"column":2}},"loc":{"start":{"line":43,"column":10},"end":{"line":57,"column":2}},"line":43},"8":{"name":"(anonymous_8)","decl":{"start":{"line":50,"column":20},"end":{"line":50,"column":21}},"loc":{"start":{"line":50,"column":29},"end":{"line":52,"column":8}},"line":50}},"branchMap":{"0":{"loc":{"start":{"line":30,"column":2},"end":{"line":40,"column":3}},"type":"if","locations":[{"start":{"line":30,"column":2},"end":{"line":40,"column":3}},{"start":{"line":30,"column":2},"end":{"line":40,"column":3}}],"line":30},"1":{"loc":{"start":{"line":49,"column":6},"end":{"line":53,"column":12}},"type":"cond-expr","locations":[{"start":{"line":50,"column":8},"end":{"line":52,"column":9}},{"start":{"line":53,"column":8},"end":{"line":53,"column":12}}],"line":49}},"s":{"0":1,"1":1,"2":0,"3":0,"4":0,"5":0,"6":0,"7":0,"8":0,"9":0,"10":0,"11":0,"12":0,"13":0,"14":1,"15":1,"16":0},"f":{"0":1,"1":0,"2":0,"3":0,"4":0,"5":0,"6":0,"7":1,"8":0},"b":{"0":[0,0],"1":[0,1]},"_coverageSchema":"332fd63041d2c1bcb487cc26dd0d5f7d97098a6c","hash":"8a05118ec21bf7a255344700a30de668c0380c4d"}
,"/Users/hyperion/Desktop/sol/app/components/Header.jsx": {"path":"/Users/hyperion/Desktop/sol/app/components/Header.jsx","statementMap":{"0":{"start":{"line":3,"column":15},"end":{"line":9,"column":1}},"1":{"start":{"line":4,"column":1},"end":{"line":8,"column":3}}},"fnMap":{"0":{"name":"(anonymous_0)","decl":{"start":{"line":3,"column":15},"end":{"line":3,"column":16}},"loc":{"start":{"line":3,"column":21},"end":{"line":9,"column":1}},"line":3}},"branchMap":{},"s":{"0":3,"1":1},"f":{"0":1},"b":{},"_coverageSchema":"332fd63041d2c1bcb487cc26dd0d5f7d97098a6c","hash":"712a6ed4b3ebd101ee279bb1b04b4feec600ed6d"}
,"/Users/hyperion/Desktop/sol/app/components/MovieCard.jsx": {"path":"/Users/hyperion/Desktop/sol/app/components/MovieCard.jsx","statementMap":{"0":{"start":{"line":5,"column":18},"end":{"line":46,"column":1}},"1":{"start":{"line":7,"column":1},"end":{"line":14,"column":2}},"2":{"start":{"line":8,"column":2},"end":{"line":13,"column":4}},"3":{"start":{"line":16,"column":1},"end":{"line":22,"column":2}},"4":{"start":{"line":17,"column":2},"end":{"line":21,"column":4}},"5":{"start":{"line":24,"column":1},"end":{"line":45,"column":3}}},"fnMap":{"0":{"name":"(anonymous_0)","decl":{"start":{"line":5,"column":18},"end":{"line":5,"column":19}},"loc":{"start":{"line":5,"column":27},"end":{"line":46,"column":1}},"line":5}},"branchMap":{"0":{"loc":{"start":{"line":7,"column":1},"end":{"line":14,"column":2}},"type":"if","locations":[{"start":{"line":7,"column":1},"end":{"line":14,"column":2}},{"start":{"line":7,"column":1},"end":{"line":14,"column":2}}],"line":7},"1":{"loc":{"start":{"line":7,"column":5},"end":{"line":7,"column":52}},"type":"binary-expr","locations":[{"start":{"line":7,"column":5},"end":{"line":7,"column":36}},{"start":{"line":7,"column":40},"end":{"line":7,"column":52}}],"line":7},"2":{"loc":{"start":{"line":16,"column":1},"end":{"line":22,"column":2}},"type":"if","locations":[{"start":{"line":16,"column":1},"end":{"line":22,"column":2}},{"start":{"line":16,"column":1},"end":{"line":22,"column":2}}],"line":16}},"s":{"0":3,"1":2,"2":0,"3":2,"4":0,"5":2},"f":{"0":2},"b":{"0":[0,2],"1":[2,0],"2":[0,2]},"_coverageSchema":"332fd63041d2c1bcb487cc26dd0d5f7d97098a6c","hash":"4ae2f988d455f6929ee8da2b2864a7cdb3b2385f"}
,"/Users/hyperion/Desktop/sol/app/components/SearchBar.jsx": {"path":"/Users/hyperion/Desktop/sol/app/components/SearchBar.jsx","statementMap":{"0":{"start":{"line":5,"column":2},"end":{"line":5,"column":15}},"1":{"start":{"line":7,"column":2},"end":{"line":9,"column":4}},"2":{"start":{"line":10,"column":2},"end":{"line":10,"column":53}},"3":{"start":{"line":11,"column":2},"end":{"line":11,"column":51}},"4":{"start":{"line":15,"column":2},"end":{"line":15,"column":47}},"5":{"start":{"line":19,"column":2},"end":{"line":19,"column":25}},"6":{"start":{"line":20,"column":2},"end":{"line":20,"column":46}},"7":{"start":{"line":21,"column":2},"end":{"line":21,"column":31}},"8":{"start":{"line":25,"column":2},"end":{"line":37,"column":4}}},"fnMap":{"0":{"name":"(anonymous_0)","decl":{"start":{"line":4,"column":1},"end":{"line":4,"column":2}},"loc":{"start":{"line":4,"column":20},"end":{"line":12,"column":2}},"line":4},"1":{"name":"(anonymous_1)","decl":{"start":{"line":14,"column":1},"end":{"line":14,"column":2}},"loc":{"start":{"line":14,"column":22},"end":{"line":16,"column":2}},"line":14},"2":{"name":"(anonymous_2)","decl":{"start":{"line":18,"column":1},"end":{"line":18,"column":2}},"loc":{"start":{"line":18,"column":21},"end":{"line":22,"column":2}},"line":18},"3":{"name":"(anonymous_3)","decl":{"start":{"line":24,"column":1},"end":{"line":24,"column":2}},"loc":{"start":{"line":24,"column":10},"end":{"line":38,"column":2}},"line":24}},"branchMap":{},"s":{"0":3,"1":3,"2":3,"3":3,"4":1,"5":0,"6":0,"7":0,"8":4},"f":{"0":3,"1":1,"2":0,"3":4},"b":{},"_coverageSchema":"332fd63041d2c1bcb487cc26dd0d5f7d97098a6c","hash":"f016d287f38b7c10711952b38a32c2cc8d1bcfb2"}
}
